<?xml version="1.0" encoding="UTF-8"?>
<!-- Generated by org.testng.reporters.JUnitReportReporter -->
<testsuite hostname="DESKTOP-KE6NQ7O" failures="0" tests="2" name="testscript.TestinPage" time="9.920" errors="0" timestamp="2025-08-12T12:34:49 IST" skipped="0">
  <testcase classname="testscript.TestinPage" name="verifyTheUserIsAbleToSigInWithCorrectUsernameAndCorrectPassword" time="2.136"/>
  <testcase classname="testscript.TestinPage" name="verifyTheUserIsAbleToSigInWithCorrectUsernameAndCorrectPassword" time="7.784"/>
</testsuite> <!-- testscript.TestinPage -->
