<?xml version="1.0" encoding="UTF-8"?>
<!-- Generated by org.testng.reporters.JUnitReportReporter -->
<testsuite hostname="DESKTOP-KE6NQ7O" failures="0" tests="1" name="testscript.ManageProductTest" time="9.740" errors="0" timestamp="2025-08-30T16:31:22 IST" skipped="0">
  <testcase classname="testscript.ManageProductTest" name="verifyTheUserIsAbleToProvideProductDetails" time="9.740"/>
</testsuite> <!-- testscript.ManageProductTest -->
