<?xml version="1.0" encoding="UTF-8"?>
<!-- Generated by org.testng.reporters.JUnitReportReporter -->
<testsuite hostname="DESKTOP-KE6NQ7O" failures="0" tests="1" name="testscript.TestHomePage" time="5.453" errors="0" timestamp="2025-08-13T20:29:35 IST" skipped="0">
  <testcase classname="testscript.TestHomePage" name="verifyTheUserIsAbleToSignInWithCorrectUsernameandCorrectPasswordClickMoreinfoandLogout" time="5.453"/>
</testsuite> <!-- testscript.TestHomePage -->
