<?xml version="1.0" encoding="UTF-8"?>
<!-- Generated by org.testng.reporters.JUnitReportReporter -->
<testsuite hostname="DESKTOP-KE6NQ7O" failures="0" tests="1" name="testscript.HomePageTest" time="3.234" errors="0" timestamp="2025-09-02T14:51:51 IST" skipped="0">
  <testcase classname="testscript.HomePageTest" name="VerifytheUsercanAbleToLogout" time="3.234"/>
</testsuite> <!-- testscript.HomePageTest -->
